Hmm ... looks like a package

This is pdfTeX, Version 3.1415926-2.3-1.40.12 (TeX Live 2011/MacPorts 2011_5)
 restricted \write18 enabled.
entering extended mode

(/private/var/folders/ts/fzxct00n2mxczbxn8xxqkmf40000gn/T/RtmpvOvWNf/Rd2pdfc8fd
1dc70a70/Rd2.tex
LaTeX2e <2009/09/24>
Babel <v3.8l> and hyphenation patterns for english, dumylang, nohyphenation, cz
ech, slovak, dutch, ukenglish, usenglishmax, basque, french, german-x-2009-06-1
9, ngerman-x-2009-06-19, german, ngerman, swissgerman, italian, polish, portugu
ese, spanish, catalan, galician, loaded.

(/opt/local/share/texmf-texlive-dist/tex/latex/base/book.cls
Document Class: book 2007/10/19 v1.4h Standard LaTeX document class
(/opt/local/share/texmf-texlive-dist/tex/latex/base/bk10.clo))
(/Library/Frameworks/R.framework/Resources/share/texmf/tex/latex/Rd.sty
(/opt/local/share/texmf-texlive-dist/tex/latex/base/ifthen.sty)
(/opt/local/share/texmf-texlive-dist/tex/latex/tools/longtable.sty)
(/opt/local/share/texmf-texlive-dist/tex/latex/tools/bm.sty)
(/opt/local/share/texmf-texlive-dist/tex/latex/base/alltt.sty)
(/opt/local/share/texmf-texlive-dist/tex/latex/tools/verbatim.sty)
(/opt/local/share/texmf-texlive-dist/tex/latex/url/url.sty) NOT loading ae
(/opt/local/share/texmf-texlive-dist/tex/latex/base/fontenc.sty
(/opt/local/share/texmf-texlive-dist/tex/latex/base/t1enc.def))
(/opt/local/share/texmf-texlive-dist/tex/latex/psnfss/times.sty)
NOT loading lmodern
(/opt/local/share/texmf-texlive-dist/tex/latex/inconsolata/inconsolata.sty
(/opt/local/share/texmf-texlive-dist/tex/latex/base/textcomp.sty
(/opt/local/share/texmf-texlive-dist/tex/latex/base/ts1enc.def))
(/opt/local/share/texmf-texlive-dist/tex/latex/graphics/keyval.sty))
(/opt/local/share/texmf-texlive-dist/tex/latex/graphics/color.sty
(/opt/local/share/texmf-texlive-dist/tex/latex/latexconfig/color.cfg)
(/opt/local/share/texmf-texlive-dist/tex/latex/pdftex-def/pdftex.def
(/opt/local/share/texmf-texlive-dist/tex/generic/oberdiek/infwarerr.sty)
(/opt/local/share/texmf-texlive-dist/tex/generic/oberdiek/ltxcmds.sty)))
(/opt/local/share/texmf-texlive-dist/tex/latex/hyperref/hyperref.sty
(/opt/local/share/texmf-texlive-dist/tex/generic/oberdiek/hobsub-hyperref.sty
(/opt/local/share/texmf-texlive-dist/tex/generic/oberdiek/hobsub-generic.sty))
(/opt/local/share/texmf-texlive-dist/tex/generic/ifxetex/ifxetex.sty)
(/opt/local/share/texmf-texlive-dist/tex/latex/oberdiek/kvoptions.sty)
(/opt/local/share/texmf-texlive-dist/tex/latex/hyperref/pd1enc.def)
(/opt/local/share/texmf-texlive-dist/tex/latex/latexconfig/hyperref.cfg))

Package hyperref Message: Driver (autodetected): hpdftex.

(/opt/local/share/texmf-texlive-dist/tex/latex/hyperref/hpdftex.def
(/opt/local/share/texmf-texlive-dist/tex/latex/oberdiek/rerunfilecheck.sty))

Package hyperref Warning: Option `hyperindex' has already been used,
(hyperref)                setting the option has no effect on input line 356.


Package hyperref Warning: Option `pagebackref' has already been used,
(hyperref)                setting the option has no effect on input line 356.

) (/opt/local/share/texmf-texlive-dist/tex/latex/base/makeidx.sty)
(/opt/local/share/texmf-texlive-dist/tex/latex/base/inputenc.sty
(/opt/local/share/texmf-texlive-dist/tex/latex/base/utf8.def
(/opt/local/share/texmf-texlive-dist/tex/latex/base/t1enc.dfu)
(/opt/local/share/texmf-texlive-dist/tex/latex/base/ot1enc.dfu)
(/opt/local/share/texmf-texlive-dist/tex/latex/base/omsenc.dfu)
(/opt/local/share/texmf-texlive-dist/tex/latex/base/ts1enc.dfu))
(/opt/local/share/texmf-texlive-dist/tex/latex/base/latin1.def))
Writing index file Rd2.idx
No file Rd2.aux.
(/opt/local/share/texmf-texlive-dist/tex/latex/base/ts1cmr.fd)
(/opt/local/share/texmf-texlive-dist/tex/latex/psnfss/t1ptm.fd)
(/opt/local/share/texmf-texlive-dist/tex/context/base/supp-pdf.mkii
[Loading MPS to PDF converter (version 2006.09.02).]
) (/opt/local/share/texmf-texlive-dist/tex/latex/hyperref/nameref.sty
(/opt/local/share/texmf-texlive-dist/tex/generic/oberdiek/gettitlestring.sty))
(/opt/local/share/texmf-texlive-dist/tex/latex/inconsolata/t1fi4.fd)
(/opt/local/share/texmf-texlive-dist/tex/latex/psnfss/t1phv.fd)
(/opt/local/share/texmf-texlive-dist/tex/latex/base/utf8.def) [1{/opt/local/var
/db/texmf/fonts/map/pdftex/updmap/pdftex.map}]
(/opt/local/share/texmf-texlive-dist/tex/latex/base/utf8.def)
Underfull \hbox (badness 1454) in paragraph at lines 59--59
[]\T1/ptm/m/it/10 Fit piece-wise di-ver-si-fi-ca-tion mod-els to sis-ter clades
 in a time-
[2]
Overfull \hbox (2.88919pt too wide) in paragraph at lines 92--93
\T1/ptm/m/n/10 nif-i-cantly bet-ter. Op-tions are \T1/fi4/m/n/10 criterion="aic
c" \T1/ptm/m/n/10 (de-fault) or \T1/fi4/m/n/10 criterion="aic"\T1/ptm/m/n/10 .
[3] (/opt/local/share/texmf-texlive-dist/tex/latex/base/utf8.def)
(/opt/local/share/texmf-texlive-dist/tex/latex/base/utf8.def) [4]
Overfull \hbox (59.78088pt too wide) in paragraph at lines 193--193
 []\T1/fi4/m/n/10 shiftCut="both", criterion="aicc", stepBack=TRUE, preserveMod
elFlavour=FALSE, epsilon=NULL,[] 

Overfull \hbox (7.04935pt too wide) in paragraph at lines 214--215
\T1/ptm/m/n/10 logeny (see above). The de-fault cri-te-rion is \T1/fi4/m/n/10 s
top="threshold"\T1/ptm/m/n/10 . Here, \T1/fi4/m/n/10 threshold

Overfull \hbox (2.88919pt too wide) in paragraph at lines 220--221
\T1/ptm/m/n/10 nif-i-cantly bet-ter. Op-tions are \T1/fi4/m/n/10 criterion="aic
c" \T1/ptm/m/n/10 (de-fault) or \T1/fi4/m/n/10 criterion="aic"\T1/ptm/m/n/10 .
[5]
Overfull \hbox (77.3376pt too wide) in paragraph at lines 226--227
\T1/ptm/m/n/10 tion de-ter-mines whether the basal rate is rees-ti-mated un-der
 model i (\T1/fi4/m/n/10 preserveModelFlavour=TRUE\T1/ptm/m/n/10 )
[6] (/opt/local/share/texmf-texlive-dist/tex/latex/psnfss/ts1ptm.fd)
(/opt/local/share/texmf-texlive-dist/tex/latex/base/utf8.def) [7]
Overfull \hbox (14.78088pt too wide) in paragraph at lines 326--326
 []\T1/fi4/m/n/10 medusaSummary(results, plotTree=TRUE, time=TRUE, node.labels=
TRUE, colourOffset=0,[] 

Overfull \hbox (6.1579pt too wide) in paragraph at lines 337--338
[]\T1/ptm/m/n/10 Boolean value that de-ter-mines whether the fit-ted tree is pl
ot-ted. If \T1/fi4/m/n/10 plotTree=TRUE
[8] (/opt/local/share/texmf-texlive-dist/tex/latex/base/utf8.def)
Overfull \hbox (84.78088pt too wide) in paragraph at lines 396--396
 []\T1/fi4/m/n/10 multiMedusaSummary(res, conTree, cutOff=0.05, plotModelSizes=
FALSE, plotTree=TRUE, cex=0.5, ...)[] 

Overfull \hbox (3.82767pt too wide) in paragraph at lines 409--410
[]\T1/ptm/m/n/10 Determines the thresh-old (ex-pressed as a pro-por-tion) for w
hich splits are recorded
[9] (/opt/local/share/texmf-texlive-dist/tex/latex/base/utf8.def)
Overfull \hbox (49.78088pt too wide) in paragraph at lines 456--456
 []\T1/fi4/m/n/10 plotMultiMedusa(summary, treeRearrange="down", annotateShift=
TRUE, annotateRate="r.mean",[] 

Overfull \hbox (104.78088pt too wide) in paragraph at lines 457--457
 []\T1/fi4/m/n/10 plotRichnesses=TRUE, richPlot="log", time=TRUE, tip.cex=0.3, 
shiftScale=1, label.offset=0.5, font=3,[] 

Overfull \hbox (12.7698pt too wide) in paragraph at lines 465--466
[]\T1/ptm/m/n/10 An ob-ject of class \T1/fi4/m/n/10 "multiMedusaSummary" \T1/pt
m/m/n/10 pro-duced from a [][]\T1/fi4/m/n/10 multiMedusaSummary[][][]
[10]
Overfull \hbox (17.10863pt too wide) in paragraph at lines 498--499
[]\T1/ptm/m/n/10 Specifies the po-si-tion of the shift leg-end. De-fault is \T1
/fi4/m/n/10 shift.leg.pos="bottomleft"\T1/ptm/m/n/10 . 
(/opt/local/share/texmf-texlive-dist/tex/latex/base/utf8.def)
Overfull \hbox (19.78088pt too wide) in paragraph at lines 532--532
 []\T1/fi4/m/n/10 plotPrettyTree(treeParameters, time=TRUE, node.labels=FALSE, 
margin=FALSE, cex=0.5,[] 
[11] (/opt/local/share/texmf-texlive-dist/tex/latex/base/utf8.def)
No file Rd2.ind.
[12] (./Rd2.aux)

Package rerunfilecheck Warning: File `Rd2.out' has changed.
(rerunfilecheck)                Rerun to get outlines right
(rerunfilecheck)                or use package `bookmark'.

 )
(see the transcript file for additional information)pdfTeX warning (dest): name
{Rfn.plot.phylo} has been referenced but does not exist, replaced by a fixed on
e

pdfTeX warning (dest): name{Rfn.geiger} has been referenced but does not exist,
 replaced by a fixed one

{/opt/local/share/texmf-texlive-dist/fonts/enc/dvips/base/8r.enc}{/opt/local/sh
are/texmf-texlive-dist/fonts/enc/dvips/inconsolata/fi4-ec.enc}</opt/local/share
/texmf-texlive-dist/fonts/type1/public/inconsolata/Inconsolata.pfb></opt/local/
share/texmf-texlive-dist/fonts/type1/urw/helvetic/uhvr8a.pfb></opt/local/share/
texmf-texlive-dist/fonts/type1/urw/times/utmb8a.pfb></opt/local/share/texmf-tex
live-dist/fonts/type1/urw/times/utmr8a.pfb></opt/local/share/texmf-texlive-dist
/fonts/type1/urw/times/utmr8a.pfb></opt/local/share/texmf-texlive-dist/fonts/ty
pe1/urw/times/utmri8a.pfb>
Output written on Rd2.pdf (12 pages, 99351 bytes).
Transcript written on Rd2.log.
This is makeindex, version 2.15 [TeX Live 2011] (kpathsea + Thai support).
Scanning input file ./Rd2.idx....done (40 entries accepted, 0 rejected).
Sorting entries....done (233 comparisons).
Generating output file ./Rd2.ind....done (43 lines written, 1 warning).
Output written in ./Rd2.ind.
Transcript written in ./Rd2.ilg.
This is pdfTeX, Version 3.1415926-2.3-1.40.12 (TeX Live 2011/MacPorts 2011_5)
 restricted \write18 enabled.
entering extended mode

(/private/var/folders/ts/fzxct00n2mxczbxn8xxqkmf40000gn/T/RtmpvOvWNf/Rd2pdfc8fd
1dc70a70/Rd2.tex
LaTeX2e <2009/09/24>
Babel <v3.8l> and hyphenation patterns for english, dumylang, nohyphenation, cz
ech, slovak, dutch, ukenglish, usenglishmax, basque, french, german-x-2009-06-1
9, ngerman-x-2009-06-19, german, ngerman, swissgerman, italian, polish, portugu
ese, spanish, catalan, galician, loaded.

(/opt/local/share/texmf-texlive-dist/tex/latex/base/book.cls
Document Class: book 2007/10/19 v1.4h Standard LaTeX document class
(/opt/local/share/texmf-texlive-dist/tex/latex/base/bk10.clo))
(/Library/Frameworks/R.framework/Resources/share/texmf/tex/latex/Rd.sty
(/opt/local/share/texmf-texlive-dist/tex/latex/base/ifthen.sty)
(/opt/local/share/texmf-texlive-dist/tex/latex/tools/longtable.sty)
(/opt/local/share/texmf-texlive-dist/tex/latex/tools/bm.sty)
(/opt/local/share/texmf-texlive-dist/tex/latex/base/alltt.sty)
(/opt/local/share/texmf-texlive-dist/tex/latex/tools/verbatim.sty)
(/opt/local/share/texmf-texlive-dist/tex/latex/url/url.sty) NOT loading ae
(/opt/local/share/texmf-texlive-dist/tex/latex/base/fontenc.sty
(/opt/local/share/texmf-texlive-dist/tex/latex/base/t1enc.def))
(/opt/local/share/texmf-texlive-dist/tex/latex/psnfss/times.sty)
NOT loading lmodern
(/opt/local/share/texmf-texlive-dist/tex/latex/inconsolata/inconsolata.sty
(/opt/local/share/texmf-texlive-dist/tex/latex/base/textcomp.sty
(/opt/local/share/texmf-texlive-dist/tex/latex/base/ts1enc.def))
(/opt/local/share/texmf-texlive-dist/tex/latex/graphics/keyval.sty))
(/opt/local/share/texmf-texlive-dist/tex/latex/graphics/color.sty
(/opt/local/share/texmf-texlive-dist/tex/latex/latexconfig/color.cfg)
(/opt/local/share/texmf-texlive-dist/tex/latex/pdftex-def/pdftex.def
(/opt/local/share/texmf-texlive-dist/tex/generic/oberdiek/infwarerr.sty)
(/opt/local/share/texmf-texlive-dist/tex/generic/oberdiek/ltxcmds.sty)))
(/opt/local/share/texmf-texlive-dist/tex/latex/hyperref/hyperref.sty
(/opt/local/share/texmf-texlive-dist/tex/generic/oberdiek/hobsub-hyperref.sty
(/opt/local/share/texmf-texlive-dist/tex/generic/oberdiek/hobsub-generic.sty))
(/opt/local/share/texmf-texlive-dist/tex/generic/ifxetex/ifxetex.sty)
(/opt/local/share/texmf-texlive-dist/tex/latex/oberdiek/kvoptions.sty)
(/opt/local/share/texmf-texlive-dist/tex/latex/hyperref/pd1enc.def)
(/opt/local/share/texmf-texlive-dist/tex/latex/latexconfig/hyperref.cfg))

Package hyperref Message: Driver (autodetected): hpdftex.

(/opt/local/share/texmf-texlive-dist/tex/latex/hyperref/hpdftex.def
(/opt/local/share/texmf-texlive-dist/tex/latex/oberdiek/rerunfilecheck.sty))

Package hyperref Warning: Option `hyperindex' has already been used,
(hyperref)                setting the option has no effect on input line 356.


Package hyperref Warning: Option `pagebackref' has already been used,
(hyperref)                setting the option has no effect on input line 356.

) (/opt/local/share/texmf-texlive-dist/tex/latex/base/makeidx.sty)
(/opt/local/share/texmf-texlive-dist/tex/latex/base/inputenc.sty
(/opt/local/share/texmf-texlive-dist/tex/latex/base/utf8.def
(/opt/local/share/texmf-texlive-dist/tex/latex/base/t1enc.dfu)
(/opt/local/share/texmf-texlive-dist/tex/latex/base/ot1enc.dfu)
(/opt/local/share/texmf-texlive-dist/tex/latex/base/omsenc.dfu)
(/opt/local/share/texmf-texlive-dist/tex/latex/base/ts1enc.dfu))
(/opt/local/share/texmf-texlive-dist/tex/latex/base/latin1.def))
Writing index file Rd2.idx
(./Rd2.aux) (/opt/local/share/texmf-texlive-dist/tex/latex/base/ts1cmr.fd)
(/opt/local/share/texmf-texlive-dist/tex/latex/psnfss/t1ptm.fd)
(/opt/local/share/texmf-texlive-dist/tex/context/base/supp-pdf.mkii
[Loading MPS to PDF converter (version 2006.09.02).]
) (/opt/local/share/texmf-texlive-dist/tex/latex/hyperref/nameref.sty
(/opt/local/share/texmf-texlive-dist/tex/generic/oberdiek/gettitlestring.sty))
(./Rd2.out) (./Rd2.out)
(/opt/local/share/texmf-texlive-dist/tex/latex/inconsolata/t1fi4.fd)
(/opt/local/share/texmf-texlive-dist/tex/latex/psnfss/t1phv.fd) (./Rd2.toc)
(/opt/local/share/texmf-texlive-dist/tex/latex/base/utf8.def) [1{/opt/local/var
/db/texmf/fonts/map/pdftex/updmap/pdftex.map}]
(/opt/local/share/texmf-texlive-dist/tex/latex/base/utf8.def)
Underfull \hbox (badness 1454) in paragraph at lines 59--59
[]\T1/ptm/m/it/10 Fit piece-wise di-ver-si-fi-ca-tion mod-els to sis-ter clades
 in a time-
[2]
Overfull \hbox (2.88919pt too wide) in paragraph at lines 92--93
\T1/ptm/m/n/10 nif-i-cantly bet-ter. Op-tions are \T1/fi4/m/n/10 criterion="aic
c" \T1/ptm/m/n/10 (de-fault) or \T1/fi4/m/n/10 criterion="aic"\T1/ptm/m/n/10 .
[3] (/opt/local/share/texmf-texlive-dist/tex/latex/base/utf8.def) [4]
(/opt/local/share/texmf-texlive-dist/tex/latex/base/utf8.def)
Overfull \hbox (59.78088pt too wide) in paragraph at lines 193--193
 []\T1/fi4/m/n/10 shiftCut="both", criterion="aicc", stepBack=TRUE, preserveMod
elFlavour=FALSE, epsilon=NULL,[] 

Overfull \hbox (7.04935pt too wide) in paragraph at lines 214--215
\T1/ptm/m/n/10 logeny (see above). The de-fault cri-te-rion is \T1/fi4/m/n/10 s
top="threshold"\T1/ptm/m/n/10 . Here, \T1/fi4/m/n/10 threshold
[5]
Overfull \hbox (2.88919pt too wide) in paragraph at lines 220--221
\T1/ptm/m/n/10 nif-i-cantly bet-ter. Op-tions are \T1/fi4/m/n/10 criterion="aic
c" \T1/ptm/m/n/10 (de-fault) or \T1/fi4/m/n/10 criterion="aic"\T1/ptm/m/n/10 .

Overfull \hbox (77.3376pt too wide) in paragraph at lines 226--227
\T1/ptm/m/n/10 tion de-ter-mines whether the basal rate is rees-ti-mated un-der
 model i (\T1/fi4/m/n/10 preserveModelFlavour=TRUE\T1/ptm/m/n/10 )
[6] (/opt/local/share/texmf-texlive-dist/tex/latex/psnfss/ts1ptm.fd) [7]
(/opt/local/share/texmf-texlive-dist/tex/latex/base/utf8.def)
Overfull \hbox (14.78088pt too wide) in paragraph at lines 326--326
 []\T1/fi4/m/n/10 medusaSummary(results, plotTree=TRUE, time=TRUE, node.labels=
TRUE, colourOffset=0,[] 

Overfull \hbox (6.1579pt too wide) in paragraph at lines 337--338
[]\T1/ptm/m/n/10 Boolean value that de-ter-mines whether the fit-ted tree is pl
ot-ted. If \T1/fi4/m/n/10 plotTree=TRUE
[8] (/opt/local/share/texmf-texlive-dist/tex/latex/base/utf8.def)
Overfull \hbox (84.78088pt too wide) in paragraph at lines 396--396
 []\T1/fi4/m/n/10 multiMedusaSummary(res, conTree, cutOff=0.05, plotModelSizes=
FALSE, plotTree=TRUE, cex=0.5, ...)[] 

Overfull \hbox (3.82767pt too wide) in paragraph at lines 409--410
[]\T1/ptm/m/n/10 Determines the thresh-old (ex-pressed as a pro-por-tion) for w
hich splits are recorded
[9] (/opt/local/share/texmf-texlive-dist/tex/latex/base/utf8.def)
Overfull \hbox (49.78088pt too wide) in paragraph at lines 456--456
 []\T1/fi4/m/n/10 plotMultiMedusa(summary, treeRearrange="down", annotateShift=
TRUE, annotateRate="r.mean",[] 

Overfull \hbox (104.78088pt too wide) in paragraph at lines 457--457
 []\T1/fi4/m/n/10 plotRichnesses=TRUE, richPlot="log", time=TRUE, tip.cex=0.3, 
shiftScale=1, label.offset=0.5, font=3,[] 

Overfull \hbox (12.7698pt too wide) in paragraph at lines 465--466
[]\T1/ptm/m/n/10 An ob-ject of class \T1/fi4/m/n/10 "multiMedusaSummary" \T1/pt
m/m/n/10 pro-duced from a [][]\T1/fi4/m/n/10 multiMedusaSummary[][][]
[10]
Overfull \hbox (17.10863pt too wide) in paragraph at lines 498--499
[]\T1/ptm/m/n/10 Specifies the po-si-tion of the shift leg-end. De-fault is \T1
/fi4/m/n/10 shift.leg.pos="bottomleft"\T1/ptm/m/n/10 . 
(/opt/local/share/texmf-texlive-dist/tex/latex/base/utf8.def)
Overfull \hbox (19.78088pt too wide) in paragraph at lines 532--532
 []\T1/fi4/m/n/10 plotPrettyTree(treeParameters, time=TRUE, node.labels=FALSE, 
margin=FALSE, cex=0.5,[] 
[11] (/opt/local/share/texmf-texlive-dist/tex/latex/base/utf8.def) [12]
(./Rd2.ind [13]

LaTeX Font Warning: Font shape `T1/fi4/m/it' undefined
(Font)              using `T1/fi4/m/n' instead on input line 34.

[14]) (./Rd2.aux)

Package rerunfilecheck Warning: File `Rd2.out' has changed.
(rerunfilecheck)                Rerun to get outlines right
(rerunfilecheck)                or use package `bookmark'.


LaTeX Font Warning: Some font shapes were not available, defaults substituted.

 )
(see the transcript file for additional information)pdfTeX warning (dest): name
{Rfn.plot.phylo} has been referenced but does not exist, replaced by a fixed on
e

pdfTeX warning (dest): name{Rfn.geiger} has been referenced but does not exist,
 replaced by a fixed one

{/opt/local/share/texmf-texlive-dist/fonts/enc/dvips/base/8r.enc}{/opt/local/sh
are/texmf-texlive-dist/fonts/enc/dvips/inconsolata/fi4-ec.enc}</opt/local/share
/texmf-texlive-dist/fonts/type1/public/inconsolata/Inconsolata.pfb></opt/local/
share/texmf-texlive-dist/fonts/type1/public/amsfonts/cm/cmsy10.pfb></opt/local/
share/texmf-texlive-dist/fonts/type1/urw/helvetic/uhvr8a.pfb></opt/local/share/
texmf-texlive-dist/fonts/type1/urw/times/utmb8a.pfb></opt/local/share/texmf-tex
live-dist/fonts/type1/urw/times/utmr8a.pfb></opt/local/share/texmf-texlive-dist
/fonts/type1/urw/times/utmr8a.pfb></opt/local/share/texmf-texlive-dist/fonts/ty
pe1/urw/times/utmri8a.pfb>
Output written on Rd2.pdf (14 pages, 110982 bytes).
Transcript written on Rd2.log.
This is makeindex, version 2.15 [TeX Live 2011] (kpathsea + Thai support).
Scanning input file ./Rd2.idx....done (40 entries accepted, 0 rejected).
Sorting entries....done (233 comparisons).
Generating output file ./Rd2.ind....done (42 lines written, 2 warnings).
Output written in ./Rd2.ind.
Transcript written in ./Rd2.ilg.
This is pdfTeX, Version 3.1415926-2.3-1.40.12 (TeX Live 2011/MacPorts 2011_5)
 restricted \write18 enabled.
entering extended mode

(/private/var/folders/ts/fzxct00n2mxczbxn8xxqkmf40000gn/T/RtmpvOvWNf/Rd2pdfc8fd
1dc70a70/Rd2.tex
LaTeX2e <2009/09/24>
Babel <v3.8l> and hyphenation patterns for english, dumylang, nohyphenation, cz
ech, slovak, dutch, ukenglish, usenglishmax, basque, french, german-x-2009-06-1
9, ngerman-x-2009-06-19, german, ngerman, swissgerman, italian, polish, portugu
ese, spanish, catalan, galician, loaded.

(/opt/local/share/texmf-texlive-dist/tex/latex/base/book.cls
Document Class: book 2007/10/19 v1.4h Standard LaTeX document class
(/opt/local/share/texmf-texlive-dist/tex/latex/base/bk10.clo))
(/Library/Frameworks/R.framework/Resources/share/texmf/tex/latex/Rd.sty
(/opt/local/share/texmf-texlive-dist/tex/latex/base/ifthen.sty)
(/opt/local/share/texmf-texlive-dist/tex/latex/tools/longtable.sty)
(/opt/local/share/texmf-texlive-dist/tex/latex/tools/bm.sty)
(/opt/local/share/texmf-texlive-dist/tex/latex/base/alltt.sty)
(/opt/local/share/texmf-texlive-dist/tex/latex/tools/verbatim.sty)
(/opt/local/share/texmf-texlive-dist/tex/latex/url/url.sty) NOT loading ae
(/opt/local/share/texmf-texlive-dist/tex/latex/base/fontenc.sty
(/opt/local/share/texmf-texlive-dist/tex/latex/base/t1enc.def))
(/opt/local/share/texmf-texlive-dist/tex/latex/psnfss/times.sty)
NOT loading lmodern
(/opt/local/share/texmf-texlive-dist/tex/latex/inconsolata/inconsolata.sty
(/opt/local/share/texmf-texlive-dist/tex/latex/base/textcomp.sty
(/opt/local/share/texmf-texlive-dist/tex/latex/base/ts1enc.def))
(/opt/local/share/texmf-texlive-dist/tex/latex/graphics/keyval.sty))
(/opt/local/share/texmf-texlive-dist/tex/latex/graphics/color.sty
(/opt/local/share/texmf-texlive-dist/tex/latex/latexconfig/color.cfg)
(/opt/local/share/texmf-texlive-dist/tex/latex/pdftex-def/pdftex.def
(/opt/local/share/texmf-texlive-dist/tex/generic/oberdiek/infwarerr.sty)
(/opt/local/share/texmf-texlive-dist/tex/generic/oberdiek/ltxcmds.sty)))
(/opt/local/share/texmf-texlive-dist/tex/latex/hyperref/hyperref.sty
(/opt/local/share/texmf-texlive-dist/tex/generic/oberdiek/hobsub-hyperref.sty
(/opt/local/share/texmf-texlive-dist/tex/generic/oberdiek/hobsub-generic.sty))
(/opt/local/share/texmf-texlive-dist/tex/generic/ifxetex/ifxetex.sty)
(/opt/local/share/texmf-texlive-dist/tex/latex/oberdiek/kvoptions.sty)
(/opt/local/share/texmf-texlive-dist/tex/latex/hyperref/pd1enc.def)
(/opt/local/share/texmf-texlive-dist/tex/latex/latexconfig/hyperref.cfg))

Package hyperref Message: Driver (autodetected): hpdftex.

(/opt/local/share/texmf-texlive-dist/tex/latex/hyperref/hpdftex.def
(/opt/local/share/texmf-texlive-dist/tex/latex/oberdiek/rerunfilecheck.sty))

Package hyperref Warning: Option `hyperindex' has already been used,
(hyperref)                setting the option has no effect on input line 356.


Package hyperref Warning: Option `pagebackref' has already been used,
(hyperref)                setting the option has no effect on input line 356.

) (/opt/local/share/texmf-texlive-dist/tex/latex/base/makeidx.sty)
(/opt/local/share/texmf-texlive-dist/tex/latex/base/inputenc.sty
(/opt/local/share/texmf-texlive-dist/tex/latex/base/utf8.def
(/opt/local/share/texmf-texlive-dist/tex/latex/base/t1enc.dfu)
(/opt/local/share/texmf-texlive-dist/tex/latex/base/ot1enc.dfu)
(/opt/local/share/texmf-texlive-dist/tex/latex/base/omsenc.dfu)
(/opt/local/share/texmf-texlive-dist/tex/latex/base/ts1enc.dfu))
(/opt/local/share/texmf-texlive-dist/tex/latex/base/latin1.def))
Writing index file Rd2.idx
(./Rd2.aux) (/opt/local/share/texmf-texlive-dist/tex/latex/base/ts1cmr.fd)
(/opt/local/share/texmf-texlive-dist/tex/latex/psnfss/t1ptm.fd)
(/opt/local/share/texmf-texlive-dist/tex/context/base/supp-pdf.mkii
[Loading MPS to PDF converter (version 2006.09.02).]
) (/opt/local/share/texmf-texlive-dist/tex/latex/hyperref/nameref.sty
(/opt/local/share/texmf-texlive-dist/tex/generic/oberdiek/gettitlestring.sty))
(./Rd2.out) (./Rd2.out)
(/opt/local/share/texmf-texlive-dist/tex/latex/inconsolata/t1fi4.fd)
(/opt/local/share/texmf-texlive-dist/tex/latex/psnfss/t1phv.fd) (./Rd2.toc)
(/opt/local/share/texmf-texlive-dist/tex/latex/base/utf8.def) [1{/opt/local/var
/db/texmf/fonts/map/pdftex/updmap/pdftex.map}]
(/opt/local/share/texmf-texlive-dist/tex/latex/base/utf8.def)
Underfull \hbox (badness 1454) in paragraph at lines 59--59
[]\T1/ptm/m/it/10 Fit piece-wise di-ver-si-fi-ca-tion mod-els to sis-ter clades
 in a time-
[2]
Overfull \hbox (2.88919pt too wide) in paragraph at lines 92--93
\T1/ptm/m/n/10 nif-i-cantly bet-ter. Op-tions are \T1/fi4/m/n/10 criterion="aic
c" \T1/ptm/m/n/10 (de-fault) or \T1/fi4/m/n/10 criterion="aic"\T1/ptm/m/n/10 .
[3] (/opt/local/share/texmf-texlive-dist/tex/latex/base/utf8.def) [4]
(/opt/local/share/texmf-texlive-dist/tex/latex/base/utf8.def)
Overfull \hbox (59.78088pt too wide) in paragraph at lines 193--193
 []\T1/fi4/m/n/10 shiftCut="both", criterion="aicc", stepBack=TRUE, preserveMod
elFlavour=FALSE, epsilon=NULL,[] 

Overfull \hbox (7.04935pt too wide) in paragraph at lines 214--215
\T1/ptm/m/n/10 logeny (see above). The de-fault cri-te-rion is \T1/fi4/m/n/10 s
top="threshold"\T1/ptm/m/n/10 . Here, \T1/fi4/m/n/10 threshold
[5]
Overfull \hbox (2.88919pt too wide) in paragraph at lines 220--221
\T1/ptm/m/n/10 nif-i-cantly bet-ter. Op-tions are \T1/fi4/m/n/10 criterion="aic
c" \T1/ptm/m/n/10 (de-fault) or \T1/fi4/m/n/10 criterion="aic"\T1/ptm/m/n/10 .

Overfull \hbox (77.3376pt too wide) in paragraph at lines 226--227
\T1/ptm/m/n/10 tion de-ter-mines whether the basal rate is rees-ti-mated un-der
 model i (\T1/fi4/m/n/10 preserveModelFlavour=TRUE\T1/ptm/m/n/10 )
[6] (/opt/local/share/texmf-texlive-dist/tex/latex/psnfss/ts1ptm.fd) [7]
(/opt/local/share/texmf-texlive-dist/tex/latex/base/utf8.def)
Overfull \hbox (14.78088pt too wide) in paragraph at lines 326--326
 []\T1/fi4/m/n/10 medusaSummary(results, plotTree=TRUE, time=TRUE, node.labels=
TRUE, colourOffset=0,[] 

Overfull \hbox (6.1579pt too wide) in paragraph at lines 337--338
[]\T1/ptm/m/n/10 Boolean value that de-ter-mines whether the fit-ted tree is pl
ot-ted. If \T1/fi4/m/n/10 plotTree=TRUE
[8] (/opt/local/share/texmf-texlive-dist/tex/latex/base/utf8.def)
Overfull \hbox (84.78088pt too wide) in paragraph at lines 396--396
 []\T1/fi4/m/n/10 multiMedusaSummary(res, conTree, cutOff=0.05, plotModelSizes=
FALSE, plotTree=TRUE, cex=0.5, ...)[] 

Overfull \hbox (3.82767pt too wide) in paragraph at lines 409--410
[]\T1/ptm/m/n/10 Determines the thresh-old (ex-pressed as a pro-por-tion) for w
hich splits are recorded
[9] (/opt/local/share/texmf-texlive-dist/tex/latex/base/utf8.def)
Overfull \hbox (49.78088pt too wide) in paragraph at lines 456--456
 []\T1/fi4/m/n/10 plotMultiMedusa(summary, treeRearrange="down", annotateShift=
TRUE, annotateRate="r.mean",[] 

Overfull \hbox (104.78088pt too wide) in paragraph at lines 457--457
 []\T1/fi4/m/n/10 plotRichnesses=TRUE, richPlot="log", time=TRUE, tip.cex=0.3, 
shiftScale=1, label.offset=0.5, font=3,[] 

Overfull \hbox (12.7698pt too wide) in paragraph at lines 465--466
[]\T1/ptm/m/n/10 An ob-ject of class \T1/fi4/m/n/10 "multiMedusaSummary" \T1/pt
m/m/n/10 pro-duced from a [][]\T1/fi4/m/n/10 multiMedusaSummary[][][]
[10]
Overfull \hbox (17.10863pt too wide) in paragraph at lines 498--499
[]\T1/ptm/m/n/10 Specifies the po-si-tion of the shift leg-end. De-fault is \T1
/fi4/m/n/10 shift.leg.pos="bottomleft"\T1/ptm/m/n/10 . 
(/opt/local/share/texmf-texlive-dist/tex/latex/base/utf8.def)
Overfull \hbox (19.78088pt too wide) in paragraph at lines 532--532
 []\T1/fi4/m/n/10 plotPrettyTree(treeParameters, time=TRUE, node.labels=FALSE, 
margin=FALSE, cex=0.5,[] 
[11] (/opt/local/share/texmf-texlive-dist/tex/latex/base/utf8.def) [12]
(./Rd2.ind [13]

LaTeX Font Warning: Font shape `T1/fi4/m/it' undefined
(Font)              using `T1/fi4/m/n' instead on input line 33.

[14]) (./Rd2.aux)

LaTeX Font Warning: Some font shapes were not available, defaults substituted.

 )
(see the transcript file for additional information)pdfTeX warning (dest): name
{Rfn.plot.phylo} has been referenced but does not exist, replaced by a fixed on
e

pdfTeX warning (dest): name{Rfn.geiger} has been referenced but does not exist,
 replaced by a fixed one

{/opt/local/share/texmf-texlive-dist/fonts/enc/dvips/base/8r.enc}{/opt/local/sh
are/texmf-texlive-dist/fonts/enc/dvips/inconsolata/fi4-ec.enc}</opt/local/share
/texmf-texlive-dist/fonts/type1/public/inconsolata/Inconsolata.pfb></opt/local/
share/texmf-texlive-dist/fonts/type1/public/amsfonts/cm/cmsy10.pfb></opt/local/
share/texmf-texlive-dist/fonts/type1/urw/helvetic/uhvr8a.pfb></opt/local/share/
texmf-texlive-dist/fonts/type1/urw/times/utmb8a.pfb></opt/local/share/texmf-tex
live-dist/fonts/type1/urw/times/utmr8a.pfb></opt/local/share/texmf-texlive-dist
/fonts/type1/urw/times/utmr8a.pfb></opt/local/share/texmf-texlive-dist/fonts/ty
pe1/urw/times/utmri8a.pfb>
Output written on Rd2.pdf (14 pages, 111621 bytes).
Transcript written on Rd2.log.
Saving output to 'MEDUSA-manual.pdf' ...
Done
You may want to clean up by 'rm -rf /var/folders/ts/fzxct00n2mxczbxn8xxqkmf40000gn/T//RtmpvOvWNf/Rd2pdfc8fd1dc70a70'
